2017-12-16T15:47:56.334731Z 0 [Note] --secure-file-priv is set to NULL. Operations related to importing and exporting data are disabled
2017-12-16T15:47:56.336736Z 0 [ERROR] Cannot open Windows EventLog; check privileges, or start server with --log_syslog=0
2017-12-16T15:47:56.336736Z 0 [Note] C:\Users\Afeefeh\Documents\GitHub\Team-Steiner-Project-ChocAn\mysql\bin\mysqld.exe (mysqld 5.7.20) starting as process 13504 ...
2017-12-16T15:47:56.354615Z 0 [Note] InnoDB: Mutexes and rw_locks use Windows interlocked functions
2017-12-16T15:47:56.355985Z 0 [Note] InnoDB: Uses event mutexes
2017-12-16T15:47:56.356648Z 0 [Note] InnoDB: _mm_lfence() and _mm_sfence() are used for memory barrier
2017-12-16T15:47:56.357651Z 0 [Note] InnoDB: Compressed tables use zlib 1.2.3
2017-12-16T15:47:56.358653Z 0 [Note] InnoDB: Number of pools: 1
2017-12-16T15:47:56.358764Z 0 [Note] InnoDB: Not using CPU crc32 instructions
2017-12-16T15:47:56.362297Z 0 [Note] InnoDB: Initializing buffer pool, total size = 128M, instances = 1, chunk size = 128M
2017-12-16T15:47:56.371067Z 0 [Note] InnoDB: Completed initialization of buffer pool
2017-12-16T15:47:56.414832Z 0 [Note] InnoDB: Highest supported file format is Barracuda.
2017-12-16T15:47:56.526522Z 0 [Note] InnoDB: Creating shared tablespace for temporary tables
2017-12-16T15:47:56.539846Z 0 [Note] InnoDB: Setting file '.\ibtmp1' size to 12 MB. Physically writing the file full; Please wait ...
2017-12-16T15:47:56.576450Z 0 [Note] InnoDB: File '.\ibtmp1' size is now 12 MB.
2017-12-16T15:47:56.576450Z 0 [Note] InnoDB: 96 redo rollback segment(s) found. 96 redo rollback segment(s) are active.
2017-12-16T15:47:56.576450Z 0 [Note] InnoDB: 32 non-redo rollback segment(s) are active.
2017-12-16T15:47:56.576450Z 0 [Note] InnoDB: Waiting for purge to start
2017-12-16T15:47:56.635280Z 0 [Note] InnoDB: 5.7.20 started; log sequence number 3269867
2017-12-16T15:47:56.635280Z 0 [Note] Plugin 'FEDERATED' is disabled.
2017-12-16T15:47:56.635280Z 0 [Note] InnoDB: Loading buffer pool(s) from C:\Users\Afeefeh\Documents\GitHub\Team-Steiner-Project-ChocAn\mysql\data\ib_buffer_pool
2017-12-16T15:47:56.661372Z 0 [Warning] Failed to set up SSL because of the following SSL library error: SSL context is not usable without certificate and private key
2017-12-16T15:47:56.664216Z 0 [Note] Server hostname (bind-address): '*'; port: 3306
2017-12-16T15:47:56.664216Z 0 [Note] IPv6 is available.
2017-12-16T15:47:56.665219Z 0 [Note]   - '::' resolves to '::';
2017-12-16T15:47:56.665219Z 0 [Note] Server socket created on IP: '::'.
2017-12-16T15:47:56.676937Z 0 [Note] InnoDB: Buffer pool(s) load completed at 171216 10:47:56
2017-12-16T15:47:56.827140Z 0 [Note] Event Scheduler: Loaded 0 events
2017-12-16T15:47:56.827140Z 0 [Note] C:\Users\Afeefeh\Documents\GitHub\Team-Steiner-Project-ChocAn\mysql\bin\mysqld.exe: ready for connections.
Version: '5.7.20'  socket: ''  port: 3306  MySQL Community Server (GPL)
2017-12-16T15:47:56.827140Z 0 [Note] Executing 'SELECT * FROM INFORMATION_SCHEMA.TABLES;' to get a list of tables using the deprecated partition engine. You may use the startup option '--disable-partition-engine-check' to skip this check. 
2017-12-16T15:47:56.827140Z 0 [Note] Beginning of list of non-natively partitioned tables
2017-12-16T15:47:56.953117Z 0 [Note] End of list of non-natively partitioned tables
2017-12-16T15:49:34.317983Z 0 [Note] C:\Users\Afeefeh\Documents\GitHub\Team-Steiner-Project-ChocAn\mysql\bin\mysqld.exe: Normal shutdown

2017-12-16T15:49:34.320714Z 0 [Note] Giving 2 client threads a chance to die gracefully
2017-12-16T15:49:34.321716Z 0 [Note] Shutting down slave threads
2017-12-16T15:49:36.334717Z 0 [Note] Forcefully disconnecting 1 remaining clients
2017-12-16T15:49:36.334842Z 0 [Warning] C:\Users\Afeefeh\Documents\GitHub\Team-Steiner-Project-ChocAn\mysql\bin\mysqld.exe: Forcing close of thread 4  user: 'root'

2017-12-16T15:49:36.335842Z 0 [Note] Event Scheduler: Purging the queue. 0 events
2017-12-16T15:49:36.336844Z 0 [Note] Binlog end
2017-12-16T15:49:36.338850Z 0 [Note] Shutting down plugin 'ngram'
2017-12-16T15:49:36.339852Z 0 [Note] Shutting down plugin 'partition'
2017-12-16T15:49:36.339852Z 0 [Note] Shutting down plugin 'BLACKHOLE'
2017-12-16T15:49:36.339852Z 0 [Note] Shutting down plugin 'ARCHIVE'
2017-12-16T15:49:36.339852Z 0 [Note] Shutting down plugin 'PERFORMANCE_SCHEMA'
2017-12-16T15:49:36.340855Z 0 [Note] Shutting down plugin 'MRG_MYISAM'
2017-12-16T15:49:36.340855Z 0 [Note] Shutting down plugin 'MyISAM'
2017-12-16T15:49:36.340855Z 0 [Note] Shutting down plugin 'INNODB_SYS_VIRTUAL'
2017-12-16T15:49:36.341833Z 0 [Note] Shutting down plugin 'INNODB_SYS_DATAFILES'
2017-12-16T15:49:36.341833Z 0 [Note] Shutting down plugin 'INNODB_SYS_TABLESPACES'
2017-12-16T15:49:36.342848Z 0 [Note] Shutting down plugin 'INNODB_SYS_FOREIGN_COLS'
2017-12-16T15:49:36.343851Z 0 [Note] Shutting down plugin 'INNODB_SYS_FOREIGN'
2017-12-16T15:49:36.343851Z 0 [Note] Shutting down plugin 'INNODB_SYS_FIELDS'
2017-12-16T15:49:36.343851Z 0 [Note] Shutting down plugin 'INNODB_SYS_COLUMNS'
2017-12-16T15:49:36.344853Z 0 [Note] Shutting down plugin 'INNODB_SYS_INDEXES'
2017-12-16T15:49:36.344853Z 0 [Note] Shutting down plugin 'INNODB_SYS_TABLESTATS'
2017-12-16T15:49:36.345856Z 0 [Note] Shutting down plugin 'INNODB_SYS_TABLES'
2017-12-16T15:49:36.345856Z 0 [Note] Shutting down plugin 'INNODB_FT_INDEX_TABLE'
2017-12-16T15:49:36.345856Z 0 [Note] Shutting down plugin 'INNODB_FT_INDEX_CACHE'
2017-12-16T15:49:36.346891Z 0 [Note] Shutting down plugin 'INNODB_FT_CONFIG'
2017-12-16T15:49:36.347891Z 0 [Note] Shutting down plugin 'INNODB_FT_BEING_DELETED'
2017-12-16T15:49:36.347891Z 0 [Note] Shutting down plugin 'INNODB_FT_DELETED'
2017-12-16T15:49:36.348894Z 0 [Note] Shutting down plugin 'INNODB_FT_DEFAULT_STOPWORD'
2017-12-16T15:49:36.348894Z 0 [Note] Shutting down plugin 'INNODB_METRICS'
2017-12-16T15:49:36.348894Z 0 [Note] Shutting down plugin 'INNODB_TEMP_TABLE_INFO'
2017-12-16T15:49:36.349897Z 0 [Note] Shutting down plugin 'INNODB_BUFFER_POOL_STATS'
2017-12-16T15:49:36.349897Z 0 [Note] Shutting down plugin 'INNODB_BUFFER_PAGE_LRU'
2017-12-16T15:49:36.350900Z 0 [Note] Shutting down plugin 'INNODB_BUFFER_PAGE'
2017-12-16T15:49:36.350900Z 0 [Note] Shutting down plugin 'INNODB_CMP_PER_INDEX_RESET'
2017-12-16T15:49:36.350900Z 0 [Note] Shutting down plugin 'INNODB_CMP_PER_INDEX'
2017-12-16T15:49:36.352289Z 0 [Note] Shutting down plugin 'INNODB_CMPMEM_RESET'
2017-12-16T15:49:36.353291Z 0 [Note] Shutting down plugin 'INNODB_CMPMEM'
2017-12-16T15:49:36.353291Z 0 [Note] Shutting down plugin 'INNODB_CMP_RESET'
2017-12-16T15:49:36.353291Z 0 [Note] Shutting down plugin 'INNODB_CMP'
2017-12-16T15:49:36.354294Z 0 [Note] Shutting down plugin 'INNODB_LOCK_WAITS'
2017-12-16T15:49:36.354857Z 0 [Note] Shutting down plugin 'INNODB_LOCKS'
2017-12-16T15:49:36.354857Z 0 [Note] Shutting down plugin 'INNODB_TRX'
2017-12-16T15:49:36.355859Z 0 [Note] Shutting down plugin 'InnoDB'
2017-12-16T15:49:36.355859Z 0 [Note] InnoDB: FTS optimize thread exiting.
2017-12-16T15:49:36.356862Z 0 [Note] InnoDB: Starting shutdown...
2017-12-16T15:49:36.459772Z 0 [Note] InnoDB: Dumping buffer pool(s) to C:\Users\Afeefeh\Documents\GitHub\Team-Steiner-Project-ChocAn\mysql\data\ib_buffer_pool
2017-12-16T15:49:36.462825Z 0 [Note] InnoDB: Buffer pool(s) dump completed at 171216 10:49:36
2017-12-16T15:49:37.588881Z 0 [Note] InnoDB: Shutdown completed; log sequence number 3269895
2017-12-16T15:49:37.596035Z 0 [Note] InnoDB: Removed temporary tablespace data file: "ibtmp1"
2017-12-16T15:49:37.597036Z 0 [Note] Shutting down plugin 'MEMORY'
2017-12-16T15:49:37.597036Z 0 [Note] Shutting down plugin 'CSV'
2017-12-16T15:49:37.597036Z 0 [Note] Shutting down plugin 'sha256_password'
2017-12-16T15:49:37.597036Z 0 [Note] Shutting down plugin 'mysql_native_password'
2017-12-16T15:49:37.597036Z 0 [Note] Shutting down plugin 'binlog'
2017-12-16T15:49:37.597036Z 0 [Note] C:\Users\Afeefeh\Documents\GitHub\Team-Steiner-Project-ChocAn\mysql\bin\mysqld.exe: Shutdown complete

2017-12-16T21:18:42.036682Z 0 [Note] --secure-file-priv is set to NULL. Operations related to importing and exporting data are disabled
2017-12-16T21:18:42.037184Z 0 [ERROR] Cannot open Windows EventLog; check privileges, or start server with --log_syslog=0
2017-12-16T21:18:42.037184Z 0 [Note] C:\Users\Afeefeh\Documents\GitHub\Team-Steiner-Project-ChocAn\mysql\bin\mysqld.exe (mysqld 5.7.20) starting as process 4376 ...
2017-12-16T21:18:42.065259Z 0 [Note] InnoDB: Mutexes and rw_locks use Windows interlocked functions
2017-12-16T21:18:42.066261Z 0 [Note] InnoDB: Uses event mutexes
2017-12-16T21:18:42.066261Z 0 [Note] InnoDB: _mm_lfence() and _mm_sfence() are used for memory barrier
2017-12-16T21:18:42.070272Z 0 [Note] InnoDB: Compressed tables use zlib 1.2.3
2017-12-16T21:18:42.070774Z 0 [Note] InnoDB: Number of pools: 1
2017-12-16T21:18:42.071776Z 0 [Note] InnoDB: Not using CPU crc32 instructions
2017-12-16T21:18:42.076796Z 0 [Note] InnoDB: Initializing buffer pool, total size = 128M, instances = 1, chunk size = 128M
2017-12-16T21:18:42.119402Z 0 [Note] InnoDB: Completed initialization of buffer pool
2017-12-16T21:18:42.181488Z 0 [Note] InnoDB: Highest supported file format is Barracuda.
2017-12-16T21:18:42.396467Z 0 [Note] InnoDB: Creating shared tablespace for temporary tables
2017-12-16T21:18:42.398779Z 0 [Note] InnoDB: Setting file '.\ibtmp1' size to 12 MB. Physically writing the file full; Please wait ...
2017-12-16T21:18:42.466997Z 0 [Note] InnoDB: File '.\ibtmp1' size is now 12 MB.
2017-12-16T21:18:42.470502Z 0 [Note] InnoDB: 96 redo rollback segment(s) found. 96 redo rollback segment(s) are active.
2017-12-16T21:18:42.471001Z 0 [Note] InnoDB: 32 non-redo rollback segment(s) are active.
2017-12-16T21:18:42.472007Z 0 [Note] InnoDB: Waiting for purge to start
2017-12-16T21:18:42.523141Z 0 [Note] InnoDB: 5.7.20 started; log sequence number 3269895
2017-12-16T21:18:42.524144Z 0 [Note] InnoDB: Loading buffer pool(s) from C:\Users\Afeefeh\Documents\GitHub\Team-Steiner-Project-ChocAn\mysql\data\ib_buffer_pool
2017-12-16T21:18:42.524144Z 0 [Note] Plugin 'FEDERATED' is disabled.
2017-12-16T21:18:42.544698Z 0 [Warning] Failed to set up SSL because of the following SSL library error: SSL context is not usable without certificate and private key
2017-12-16T21:18:42.553702Z 0 [Note] Server hostname (bind-address): '*'; port: 3306
2017-12-16T21:18:42.557211Z 0 [Note] IPv6 is available.
2017-12-16T21:18:42.558717Z 0 [Note]   - '::' resolves to '::';
2017-12-16T21:18:42.559267Z 0 [Note] Server socket created on IP: '::'.
2017-12-16T21:18:42.579858Z 0 [Note] InnoDB: Buffer pool(s) load completed at 171216 16:18:42
2017-12-16T21:18:42.632994Z 0 [Note] Event Scheduler: Loaded 0 events
2017-12-16T21:18:42.633496Z 0 [Note] C:\Users\Afeefeh\Documents\GitHub\Team-Steiner-Project-ChocAn\mysql\bin\mysqld.exe: ready for connections.
Version: '5.7.20'  socket: ''  port: 3306  MySQL Community Server (GPL)
2017-12-16T21:18:42.634498Z 0 [Note] Executing 'SELECT * FROM INFORMATION_SCHEMA.TABLES;' to get a list of tables using the deprecated partition engine. You may use the startup option '--disable-partition-engine-check' to skip this check. 
2017-12-16T21:18:42.634999Z 0 [Note] Beginning of list of non-natively partitioned tables
2017-12-16T21:18:42.694728Z 0 [Note] End of list of non-natively partitioned tables
2017-12-16T21:27:21.435562Z 0 [Note] C:\Users\Afeefeh\Documents\GitHub\Team-Steiner-Project-ChocAn\mysql\bin\mysqld.exe: Normal shutdown

2017-12-16T21:27:21.437127Z 0 [Note] Giving 2 client threads a chance to die gracefully
2017-12-16T21:27:21.437542Z 0 [Note] Shutting down slave threads
2017-12-16T21:27:23.438732Z 0 [Note] Forcefully disconnecting 1 remaining clients
2017-12-16T21:27:23.441245Z 0 [Warning] C:\Users\Afeefeh\Documents\GitHub\Team-Steiner-Project-ChocAn\mysql\bin\mysqld.exe: Forcing close of thread 4  user: 'root'

2017-12-16T21:27:23.443783Z 0 [Note] Event Scheduler: Purging the queue. 0 events
2017-12-16T21:27:23.449265Z 0 [Note] Binlog end
2017-12-16T21:27:23.456279Z 0 [Note] Shutting down plugin 'ngram'
2017-12-16T21:27:23.456783Z 0 [Note] Shutting down plugin 'partition'
2017-12-16T21:27:23.457281Z 0 [Note] Shutting down plugin 'BLACKHOLE'
2017-12-16T21:27:23.457782Z 0 [Note] Shutting down plugin 'ARCHIVE'
2017-12-16T21:27:23.458785Z 0 [Note] Shutting down plugin 'PERFORMANCE_SCHEMA'
2017-12-16T21:27:23.459287Z 0 [Note] Shutting down plugin 'MRG_MYISAM'
2017-12-16T21:27:23.459797Z 0 [Note] Shutting down plugin 'MyISAM'
2017-12-16T21:27:23.460289Z 0 [Note] Shutting down plugin 'INNODB_SYS_VIRTUAL'
2017-12-16T21:27:23.460791Z 0 [Note] Shutting down plugin 'INNODB_SYS_DATAFILES'
2017-12-16T21:27:23.460791Z 0 [Note] Shutting down plugin 'INNODB_SYS_TABLESPACES'
2017-12-16T21:27:23.461292Z 0 [Note] Shutting down plugin 'INNODB_SYS_FOREIGN_COLS'
2017-12-16T21:27:23.461806Z 0 [Note] Shutting down plugin 'INNODB_SYS_FOREIGN'
2017-12-16T21:27:23.461806Z 0 [Note] Shutting down plugin 'INNODB_SYS_FIELDS'
2017-12-16T21:27:23.462295Z 0 [Note] Shutting down plugin 'INNODB_SYS_COLUMNS'
2017-12-16T21:27:23.462796Z 0 [Note] Shutting down plugin 'INNODB_SYS_INDEXES'
2017-12-16T21:27:23.463312Z 0 [Note] Shutting down plugin 'INNODB_SYS_TABLESTATS'
2017-12-16T21:27:23.463799Z 0 [Note] Shutting down plugin 'INNODB_SYS_TABLES'
2017-12-16T21:27:23.464347Z 0 [Note] Shutting down plugin 'INNODB_FT_INDEX_TABLE'
2017-12-16T21:27:23.465302Z 0 [Note] Shutting down plugin 'INNODB_FT_INDEX_CACHE'
2017-12-16T21:27:23.465302Z 0 [Note] Shutting down plugin 'INNODB_FT_CONFIG'
2017-12-16T21:27:23.465804Z 0 [Note] Shutting down plugin 'INNODB_FT_BEING_DELETED'
2017-12-16T21:27:23.466337Z 0 [Note] Shutting down plugin 'INNODB_FT_DELETED'
2017-12-16T21:27:23.466807Z 0 [Note] Shutting down plugin 'INNODB_FT_DEFAULT_STOPWORD'
2017-12-16T21:27:23.466807Z 0 [Note] Shutting down plugin 'INNODB_METRICS'
2017-12-16T21:27:23.467308Z 0 [Note] Shutting down plugin 'INNODB_TEMP_TABLE_INFO'
2017-12-16T21:27:23.467809Z 0 [Note] Shutting down plugin 'INNODB_BUFFER_POOL_STATS'
2017-12-16T21:27:23.468311Z 0 [Note] Shutting down plugin 'INNODB_BUFFER_PAGE_LRU'
2017-12-16T21:27:23.468812Z 0 [Note] Shutting down plugin 'INNODB_BUFFER_PAGE'
2017-12-16T21:27:23.469313Z 0 [Note] Shutting down plugin 'INNODB_CMP_PER_INDEX_RESET'
2017-12-16T21:27:23.470316Z 0 [Note] Shutting down plugin 'INNODB_CMP_PER_INDEX'
2017-12-16T21:27:23.470817Z 0 [Note] Shutting down plugin 'INNODB_CMPMEM_RESET'
2017-12-16T21:27:23.470817Z 0 [Note] Shutting down plugin 'INNODB_CMPMEM'
2017-12-16T21:27:23.471404Z 0 [Note] Shutting down plugin 'INNODB_CMP_RESET'
2017-12-16T21:27:23.471819Z 0 [Note] Shutting down plugin 'INNODB_CMP'
2017-12-16T21:27:23.471819Z 0 [Note] Shutting down plugin 'INNODB_LOCK_WAITS'
2017-12-16T21:27:23.472321Z 0 [Note] Shutting down plugin 'INNODB_LOCKS'
2017-12-16T21:27:23.472321Z 0 [Note] Shutting down plugin 'INNODB_TRX'
2017-12-16T21:27:23.472836Z 0 [Note] Shutting down plugin 'InnoDB'
2017-12-16T21:27:23.472836Z 0 [Note] InnoDB: FTS optimize thread exiting.
2017-12-16T21:27:23.473324Z 0 [Note] InnoDB: Starting shutdown...
2017-12-16T21:27:23.574092Z 0 [Note] InnoDB: Dumping buffer pool(s) to C:\Users\Afeefeh\Documents\GitHub\Team-Steiner-Project-ChocAn\mysql\data\ib_buffer_pool
2017-12-16T21:27:23.576618Z 0 [Note] InnoDB: Buffer pool(s) dump completed at 171216 16:27:23
2017-12-16T21:27:24.504755Z 0 [Note] InnoDB: Shutdown completed; log sequence number 3269923
2017-12-16T21:27:24.506145Z 0 [Note] InnoDB: Removed temporary tablespace data file: "ibtmp1"
2017-12-16T21:27:24.507147Z 0 [Note] Shutting down plugin 'MEMORY'
2017-12-16T21:27:24.507674Z 0 [Note] Shutting down plugin 'CSV'
2017-12-16T21:27:24.507674Z 0 [Note] Shutting down plugin 'sha256_password'
2017-12-16T21:27:24.508150Z 0 [Note] Shutting down plugin 'mysql_native_password'
2017-12-16T21:27:24.508652Z 0 [Note] Shutting down plugin 'binlog'
2017-12-16T21:27:24.510160Z 0 [Note] C:\Users\Afeefeh\Documents\GitHub\Team-Steiner-Project-ChocAn\mysql\bin\mysqld.exe: Shutdown complete

2017-12-17T22:52:55.446750Z 0 [Note] --secure-file-priv is set to NULL. Operations related to importing and exporting data are disabled
2017-12-17T22:52:55.447752Z 0 [ERROR] Cannot open Windows EventLog; check privileges, or start server with --log_syslog=0
2017-12-17T22:52:55.447752Z 0 [Note] C:\Users\Afeefeh\Documents\GitHub\Team-Steiner-Project-ChocAn\mysql\bin\mysqld.exe (mysqld 5.7.20) starting as process 1320 ...
2017-12-17T22:52:55.494879Z 0 [Note] InnoDB: Mutexes and rw_locks use Windows interlocked functions
2017-12-17T22:52:55.498888Z 0 [Note] InnoDB: Uses event mutexes
2017-12-17T22:52:55.499893Z 0 [Note] InnoDB: _mm_lfence() and _mm_sfence() are used for memory barrier
2017-12-17T22:52:55.502412Z 0 [Note] InnoDB: Compressed tables use zlib 1.2.3
2017-12-17T22:52:55.509917Z 0 [Note] InnoDB: Number of pools: 1
2017-12-17T22:52:55.513928Z 0 [Note] InnoDB: Not using CPU crc32 instructions
2017-12-17T22:52:55.523453Z 0 [Note] InnoDB: Initializing buffer pool, total size = 128M, instances = 1, chunk size = 128M
2017-12-17T22:52:55.542504Z 0 [Note] InnoDB: Completed initialization of buffer pool
2017-12-17T22:52:55.651968Z 0 [Note] InnoDB: Highest supported file format is Barracuda.
2017-12-17T22:52:56.049024Z 0 [Note] InnoDB: Creating shared tablespace for temporary tables
2017-12-17T22:52:56.050528Z 0 [Note] InnoDB: Setting file '.\ibtmp1' size to 12 MB. Physically writing the file full; Please wait ...
2017-12-17T22:52:56.088127Z 0 [Note] InnoDB: File '.\ibtmp1' size is now 12 MB.
2017-12-17T22:52:56.092138Z 0 [Note] InnoDB: 96 redo rollback segment(s) found. 96 redo rollback segment(s) are active.
2017-12-17T22:52:56.093142Z 0 [Note] InnoDB: 32 non-redo rollback segment(s) are active.
2017-12-17T22:52:56.094143Z 0 [Note] InnoDB: Waiting for purge to start
2017-12-17T22:52:56.146282Z 0 [Note] InnoDB: 5.7.20 started; log sequence number 3270296
2017-12-17T22:52:56.147787Z 0 [Note] InnoDB: Loading buffer pool(s) from C:\Users\Afeefeh\Documents\GitHub\Team-Steiner-Project-ChocAn\mysql\data\ib_buffer_pool
2017-12-17T22:52:56.149290Z 0 [Note] Plugin 'FEDERATED' is disabled.
2017-12-17T22:52:56.181376Z 0 [Note] InnoDB: Buffer pool(s) load completed at 171217 17:52:56
2017-12-17T22:52:56.196417Z 0 [Warning] Failed to set up SSL because of the following SSL library error: SSL context is not usable without certificate and private key
2017-12-17T22:52:56.202432Z 0 [Note] Server hostname (bind-address): '*'; port: 3306
2017-12-17T22:52:56.202933Z 0 [Note] IPv6 is available.
2017-12-17T22:52:56.203435Z 0 [Note]   - '::' resolves to '::';
2017-12-17T22:52:56.204971Z 0 [Note] Server socket created on IP: '::'.
2017-12-17T22:52:56.297685Z 0 [Note] Event Scheduler: Loaded 0 events
2017-12-17T22:52:56.298189Z 0 [Note] C:\Users\Afeefeh\Documents\GitHub\Team-Steiner-Project-ChocAn\mysql\bin\mysqld.exe: ready for connections.
Version: '5.7.20'  socket: ''  port: 3306  MySQL Community Server (GPL)
2017-12-17T22:52:56.299690Z 0 [Note] Executing 'SELECT * FROM INFORMATION_SCHEMA.TABLES;' to get a list of tables using the deprecated partition engine. You may use the startup option '--disable-partition-engine-check' to skip this check. 
2017-12-17T22:52:56.301695Z 0 [Note] Beginning of list of non-natively partitioned tables
2017-12-17T22:52:56.444575Z 0 [Note] End of list of non-natively partitioned tables
2017-12-17T22:58:56.286392Z 0 [Note] --secure-file-priv is set to NULL. Operations related to importing and exporting data are disabled
2017-12-17T22:58:56.956001Z 0 [Note] C:\Users\Afeefeh\Documents\GitHub\Team-Steiner-Project-ChocAn\mysql\bin\mysqld.exe (mysqld 5.7.20) starting as process 3748 ...
2017-12-17T23:02:13.108538Z 0 [Note] --secure-file-priv is set to NULL. Operations related to importing and exporting data are disabled
2017-12-17T23:02:13.111046Z 0 [Note] C:\Users\Afeefeh\Documents\GitHub\Team-Steiner-Project-ChocAn\mysql\bin\mysqld.exe (mysqld 5.7.20) starting as process 2620 ...
2017-12-17T23:02:24.319132Z 0 [Note] --secure-file-priv is set to NULL. Operations related to importing and exporting data are disabled
2017-12-17T23:02:24.319633Z 0 [Note] C:\Users\Afeefeh\Documents\GitHub\Team-Steiner-Project-ChocAn\mysql\bin\mysqld.exe (mysqld 5.7.20) starting as process 7912 ...
2017-12-17T23:03:25.783850Z 0 [Note] C:\Users\Afeefeh\Documents\GitHub\Team-Steiner-Project-ChocAn\mysql\bin\mysqld.exe: Normal shutdown

2017-12-17T23:03:25.784851Z 0 [Note] Giving 2 client threads a chance to die gracefully
2017-12-17T23:03:25.785354Z 0 [Note] Shutting down slave threads
2017-12-17T23:03:27.793003Z 0 [Note] Forcefully disconnecting 1 remaining clients
2017-12-17T23:03:27.793998Z 0 [Warning] C:\Users\Afeefeh\Documents\GitHub\Team-Steiner-Project-ChocAn\mysql\bin\mysqld.exe: Forcing close of thread 4  user: 'root'

2017-12-17T23:03:27.795508Z 0 [Note] Event Scheduler: Purging the queue. 0 events
2017-12-17T23:03:27.796505Z 0 [Note] Binlog end
2017-12-17T23:03:27.799513Z 0 [Note] Shutting down plugin 'ngram'
2017-12-17T23:03:27.800014Z 0 [Note] Shutting down plugin 'partition'
2017-12-17T23:03:27.800014Z 0 [Note] Shutting down plugin 'BLACKHOLE'
2017-12-17T23:03:27.800515Z 0 [Note] Shutting down plugin 'ARCHIVE'
2017-12-17T23:03:27.801016Z 0 [Note] Shutting down plugin 'PERFORMANCE_SCHEMA'
2017-12-17T23:03:27.801518Z 0 [Note] Shutting down plugin 'MRG_MYISAM'
2017-12-17T23:03:27.802020Z 0 [Note] Shutting down plugin 'MyISAM'
2017-12-17T23:03:27.802521Z 0 [Note] Shutting down plugin 'INNODB_SYS_VIRTUAL'
2017-12-17T23:03:27.802521Z 0 [Note] Shutting down plugin 'INNODB_SYS_DATAFILES'
2017-12-17T23:03:27.803022Z 0 [Note] Shutting down plugin 'INNODB_SYS_TABLESPACES'
2017-12-17T23:03:27.803525Z 0 [Note] Shutting down plugin 'INNODB_SYS_FOREIGN_COLS'
2017-12-17T23:03:27.804025Z 0 [Note] Shutting down plugin 'INNODB_SYS_FOREIGN'
2017-12-17T23:03:27.804526Z 0 [Note] Shutting down plugin 'INNODB_SYS_FIELDS'
2017-12-17T23:03:27.808537Z 0 [Note] Shutting down plugin 'INNODB_SYS_COLUMNS'
2017-12-17T23:03:27.809038Z 0 [Note] Shutting down plugin 'INNODB_SYS_INDEXES'
2017-12-17T23:03:27.810041Z 0 [Note] Shutting down plugin 'INNODB_SYS_TABLESTATS'
2017-12-17T23:03:27.810542Z 0 [Note] Shutting down plugin 'INNODB_SYS_TABLES'
2017-12-17T23:03:27.811545Z 0 [Note] Shutting down plugin 'INNODB_FT_INDEX_TABLE'
2017-12-17T23:03:27.812046Z 0 [Note] Shutting down plugin 'INNODB_FT_INDEX_CACHE'
2017-12-17T23:03:27.812547Z 0 [Note] Shutting down plugin 'INNODB_FT_CONFIG'
2017-12-17T23:03:27.813049Z 0 [Note] Shutting down plugin 'INNODB_FT_BEING_DELETED'
2017-12-17T23:03:27.813551Z 0 [Note] Shutting down plugin 'INNODB_FT_DELETED'
2017-12-17T23:03:27.814052Z 0 [Note] Shutting down plugin 'INNODB_FT_DEFAULT_STOPWORD'
2017-12-17T23:03:27.814052Z 0 [Note] Shutting down plugin 'INNODB_METRICS'
2017-12-17T23:03:27.814553Z 0 [Note] Shutting down plugin 'INNODB_TEMP_TABLE_INFO'
2017-12-17T23:03:27.815054Z 0 [Note] Shutting down plugin 'INNODB_BUFFER_POOL_STATS'
2017-12-17T23:03:27.815555Z 0 [Note] Shutting down plugin 'INNODB_BUFFER_PAGE_LRU'
2017-12-17T23:03:27.816558Z 0 [Note] Shutting down plugin 'INNODB_BUFFER_PAGE'
2017-12-17T23:03:27.817059Z 0 [Note] Shutting down plugin 'INNODB_CMP_PER_INDEX_RESET'
2017-12-17T23:03:27.817561Z 0 [Note] Shutting down plugin 'INNODB_CMP_PER_INDEX'
2017-12-17T23:03:27.818063Z 0 [Note] Shutting down plugin 'INNODB_CMPMEM_RESET'
2017-12-17T23:03:27.818564Z 0 [Note] Shutting down plugin 'INNODB_CMPMEM'
2017-12-17T23:03:27.819066Z 0 [Note] Shutting down plugin 'INNODB_CMP_RESET'
2017-12-17T23:03:27.819066Z 0 [Note] Shutting down plugin 'INNODB_CMP'
2017-12-17T23:03:27.819566Z 0 [Note] Shutting down plugin 'INNODB_LOCK_WAITS'
2017-12-17T23:03:27.820071Z 0 [Note] Shutting down plugin 'INNODB_LOCKS'
2017-12-17T23:03:27.820569Z 0 [Note] Shutting down plugin 'INNODB_TRX'
2017-12-17T23:03:27.821071Z 0 [Note] Shutting down plugin 'InnoDB'
2017-12-17T23:03:27.821572Z 0 [Note] InnoDB: FTS optimize thread exiting.
2017-12-17T23:03:27.822073Z 0 [Note] InnoDB: Starting shutdown...
2017-12-17T23:03:27.923844Z 0 [Note] InnoDB: Dumping buffer pool(s) to C:\Users\Afeefeh\Documents\GitHub\Team-Steiner-Project-ChocAn\mysql\data\ib_buffer_pool
2017-12-17T23:03:27.927855Z 0 [Note] InnoDB: Buffer pool(s) dump completed at 171217 18:03:27
2017-12-17T23:03:29.075825Z 0 [Note] InnoDB: Shutdown completed; log sequence number 3270324
2017-12-17T23:03:29.076828Z 0 [Note] InnoDB: Removed temporary tablespace data file: "ibtmp1"
2017-12-17T23:03:29.077330Z 0 [Note] Shutting down plugin 'MEMORY'
2017-12-17T23:03:29.077330Z 0 [Note] Shutting down plugin 'CSV'
2017-12-17T23:03:29.077831Z 0 [Note] Shutting down plugin 'sha256_password'
2017-12-17T23:03:29.077831Z 0 [Note] Shutting down plugin 'mysql_native_password'
2017-12-17T23:03:29.078332Z 0 [Note] Shutting down plugin 'binlog'
2017-12-17T23:03:29.079337Z 0 [Note] C:\Users\Afeefeh\Documents\GitHub\Team-Steiner-Project-ChocAn\mysql\bin\mysqld.exe: Shutdown complete

